This file contains any messages produced by compilers while
running configure, to aid debugging if configure makes a mistake.

It was created by configure, which was
generated by GNU Autoconf 2.64.  Invocation command line was

  $ ./configure 

## --------- ##
## Platform. ##
## --------- ##

hostname = DESKTOP-2N4BSLH
uname -m = x86_64
uname -r = 3.0.7-338.x86_64
uname -s = MINGW64_NT-10.0-18363
uname -v = 2019-11-21 23:07 UTC

/usr/bin/uname -p = unknown
/bin/uname -X     = unknown

/bin/arch              = x86_64
/usr/bin/arch -k       = unknown
/usr/convex/getsysinfo = unknown
/usr/bin/hostinfo      = unknown
/bin/machine           = unknown
/usr/bin/oslevel       = unknown
/bin/universe          = unknown

PATH: /c/Users/Administrator/bin
PATH: /mingw64/bin
PATH: /usr/local/bin
PATH: /usr/bin
PATH: /bin
PATH: /mingw64/bin
PATH: /usr/bin
PATH: /c/Users/Administrator/bin
PATH: /c/Program Files (x86)/Common Files/Oracle/Java/javapath
PATH: /c/windows/system32
PATH: /c/windows
PATH: /c/windows/System32/Wbem
PATH: /c/windows/System32/WindowsPowerShell/v1.0
PATH: /c/windows/System32/OpenSSH
PATH: /c/Program Files/Microsoft SQL Server/130/Tools/Binn
PATH: /c/Program Files/Microsoft SQL Server/Client SDK/ODBC/170/Tools/Binn
PATH: /c/Program Files (x86)/IVI Foundation/VISA/WinNT/Bin
PATH: /c/Program Files/WorldPainter
PATH: /c/Program Files/Git LFS
PATH: /cmd
PATH: /c/Program Files/BeefLang/bin
PATH: /c/Program Files (x86)/IncrediBuild
PATH: /c/Program Files/CMake/bin
PATH: /c/Program Files/Microsoft VS Code/bin
PATH: /c/Users/Administrator/Documents/GitHub/CykaBlyat-Tools/mingw32/bin
PATH: /c/Program Files/dotnet
PATH: /c/Users/Administrator/Documents/GitHub/CykaBlyat-Tools/Make/bin
PATH: /c/Users/Administrator/AppData/Local/Microsoft/WindowsApps
PATH: /c/Users/Administrator/AppData/Local/GitHubDesktop/bin
PATH: /c/Users/Administrator/.dotnet/tools
PATH: /c/Users/Administrator/.dotnet/tools
PATH: /usr/bin/vendor_perl
PATH: /usr/bin/core_perl


## ----------- ##
## Core tests. ##
## ----------- ##

configure:2265: checking for gcc
configure:2281: found /c/Users/Administrator/Documents/GitHub/CykaBlyat-Tools/mingw32/bin/gcc
configure:2292: result: gcc
configure:2521: checking for C compiler version
configure:2530: gcc --version >&5
gcc.exe (MinGW-W64 i686-posix-dwarf, built by Brecht Sanders) 10.1.0
Copyright (C) 2020 Free Software Foundation, Inc.
This is free software; see the source for copying conditions.  There is NO
warranty; not even for MERCHANTABILITY or FITNESS FOR A PARTICULAR PURPOSE.

configure:2541: $? = 0
configure:2530: gcc -v >&5
Using built-in specs.
COLLECT_GCC=C:\Users\Administrator\Documents\GitHub\CykaBlyat-Tools\mingw32\bin\gcc.exe
COLLECT_LTO_WRAPPER=c:/users/administrator/documents/github/cykablyat-tools/mingw32/bin/../libexec/gcc/i686-w64-mingw32/10.1.0/lto-wrapper.exe
Target: i686-w64-mingw32
Configured with: ../configure --prefix=/R/winlibs32_10.1.0/inst_gcc-10.1.0/share/gcc --build=i686-w64-mingw32 --host=i686-w64-mingw32 --with-pkgversion='MinGW-W64 i686-posix-dwarf, built by Brecht Sanders' --with-tune=generic --enable-checking=release --enable-threads=posix --with-dwarf2 --disable-sjlj-exceptions --disable-libunwind-exceptions --enable-serial-configure --disable-bootstrap --enable-host-shared --enable-plugin --enable-default-ssp --disable-rpath --disable-libstdcxx-pch --enable-libstdcxx-time=yes --disable-libstdcxx-debug --disable-version-specific-runtime-libs --with-stabs --disable-symvers --enable-languages=c,c++,fortran,lto,objc,obj-c++,d --disable-gold --disable-nls --disable-stage1-checking --disable-win32-registry --disable-multilib --enable-ld --enable-libquadmath --enable-libada --enable-libssp --enable-libstdcxx --enable-lto --enable-fully-dynamic-string --enable-libgomp --enable-graphite --enable-mingw-wildcard --with-mpc=/d/winlibs32_10.1.0/custombuilt --with-mpfr=/d/winlibs32_10.1.0/custombuilt --with-gmp=/d/winlibs32_10.1.0/custombuilt --with-isl=/d/winlibs32_10.1.0/custombuilt --enable-install-libiberty --enable-__cxa_atexit --without-included-gettext --with-diagnostics-color=auto --with-libiconv --with-system-zlib --with-build-sysroot=/R/winlibs32_10.1.0/gcc-10.1.0/build_mingw/mingw-w64 --enable-large-address-aware
Thread model: posix
Supported LTO compression algorithms: zlib zstd
gcc version 10.1.0 (MinGW-W64 i686-posix-dwarf, built by Brecht Sanders) 
configure:2541: $? = 0
configure:2530: gcc -V >&5
gcc.exe: error: unrecognized command-line option '-V'
gcc.exe: fatal error: no input files
compilation terminated.
configure:2541: $? = 1
configure:2530: gcc -qversion >&5
gcc.exe: error: unrecognized command-line option '-qversion'; did you mean '--version'?
gcc.exe: fatal error: no input files
compilation terminated.
configure:2541: $? = 1
configure:2563: checking for C compiler default output file name
configure:2585: gcc    conftest.c  >&5
configure:2589: $? = 0
configure:2626: result: a.exe
configure:2642: checking whether the C compiler works
configure:2651: ./a.exe
configure:2655: $? = 0
configure:2670: result: yes
configure:2677: checking whether we are cross compiling
configure:2679: result: no
configure:2682: checking for suffix of executables
configure:2689: gcc -o conftest.exe    conftest.c  >&5
configure:2693: $? = 0
configure:2715: result: .exe
configure:2721: checking for suffix of object files
configure:2743: gcc -c   conftest.c >&5
configure:2747: $? = 0
configure:2768: result: o
configure:2772: checking whether we are using the GNU C compiler
configure:2791: gcc -c   conftest.c >&5
configure:2791: $? = 0
configure:2800: result: yes
configure:2809: checking whether gcc accepts -g
configure:2829: gcc -c -g  conftest.c >&5
configure:2829: $? = 0
configure:2870: result: yes
configure:2887: checking for gcc option to accept ISO C89
configure:2951: gcc  -c -g -O2  conftest.c >&5
configure:2951: $? = 0
configure:2964: result: none needed
configure:3042: checking for g++
configure:3058: found /c/Users/Administrator/Documents/GitHub/CykaBlyat-Tools/mingw32/bin/g++
configure:3069: result: g++
configure:3096: checking for C++ compiler version
configure:3105: g++ --version >&5
g++.exe (MinGW-W64 i686-posix-dwarf, built by Brecht Sanders) 10.1.0
Copyright (C) 2020 Free Software Foundation, Inc.
This is free software; see the source for copying conditions.  There is NO
warranty; not even for MERCHANTABILITY or FITNESS FOR A PARTICULAR PURPOSE.

configure:3116: $? = 0
configure:3105: g++ -v >&5
Using built-in specs.
COLLECT_GCC=C:\Users\Administrator\Documents\GitHub\CykaBlyat-Tools\mingw32\bin\g++.exe
COLLECT_LTO_WRAPPER=c:/users/administrator/documents/github/cykablyat-tools/mingw32/bin/../libexec/gcc/i686-w64-mingw32/10.1.0/lto-wrapper.exe
Target: i686-w64-mingw32
Configured with: ../configure --prefix=/R/winlibs32_10.1.0/inst_gcc-10.1.0/share/gcc --build=i686-w64-mingw32 --host=i686-w64-mingw32 --with-pkgversion='MinGW-W64 i686-posix-dwarf, built by Brecht Sanders' --with-tune=generic --enable-checking=release --enable-threads=posix --with-dwarf2 --disable-sjlj-exceptions --disable-libunwind-exceptions --enable-serial-configure --disable-bootstrap --enable-host-shared --enable-plugin --enable-default-ssp --disable-rpath --disable-libstdcxx-pch --enable-libstdcxx-time=yes --disable-libstdcxx-debug --disable-version-specific-runtime-libs --with-stabs --disable-symvers --enable-languages=c,c++,fortran,lto,objc,obj-c++,d --disable-gold --disable-nls --disable-stage1-checking --disable-win32-registry --disable-multilib --enable-ld --enable-libquadmath --enable-libada --enable-libssp --enable-libstdcxx --enable-lto --enable-fully-dynamic-string --enable-libgomp --enable-graphite --enable-mingw-wildcard --with-mpc=/d/winlibs32_10.1.0/custombuilt --with-mpfr=/d/winlibs32_10.1.0/custombuilt --with-gmp=/d/winlibs32_10.1.0/custombuilt --with-isl=/d/winlibs32_10.1.0/custombuilt --enable-install-libiberty --enable-__cxa_atexit --without-included-gettext --with-diagnostics-color=auto --with-libiconv --with-system-zlib --with-build-sysroot=/R/winlibs32_10.1.0/gcc-10.1.0/build_mingw/mingw-w64 --enable-large-address-aware
Thread model: posix
Supported LTO compression algorithms: zlib zstd
gcc version 10.1.0 (MinGW-W64 i686-posix-dwarf, built by Brecht Sanders) 
configure:3116: $? = 0
configure:3105: g++ -V >&5
g++.exe: error: unrecognized command-line option '-V'
g++.exe: fatal error: no input files
compilation terminated.
configure:3116: $? = 1
configure:3105: g++ -qversion >&5
g++.exe: error: unrecognized command-line option '-qversion'; did you mean '--version'?
g++.exe: fatal error: no input files
compilation terminated.
configure:3116: $? = 1
configure:3120: checking whether we are using the GNU C++ compiler
configure:3139: g++ -c   conftest.cpp >&5
configure:3139: $? = 0
configure:3148: result: yes
configure:3157: checking whether g++ accepts -g
configure:3177: g++ -c -g  conftest.cpp >&5
configure:3177: $? = 0
configure:3218: result: yes
configure:3242: checking whether ln -s works
configure:3270: result: yes
configure:3316: checking for a BSD compatible install
configure:3358: result: /usr/bin/install -c
configure:3370: checking for ranlib
configure:3388: found /c/Users/Administrator/Documents/GitHub/CykaBlyat-Tools/mingw32/bin/ranlib
configure:3400: result: /c/Users/Administrator/Documents/GitHub/CykaBlyat-Tools/mingw32/bin/ranlib
configure:3410: checking for ar
configure:3428: found /c/Users/Administrator/Documents/GitHub/CykaBlyat-Tools/mingw32/bin/ar
configure:3440: result: /c/Users/Administrator/Documents/GitHub/CykaBlyat-Tools/mingw32/bin/ar
configure:3506: checking for cuInit in -lcuda
configure:3531: gcc -o conftest.exe -g -O2     conftest.c -lcuda   >&5
c:/users/administrator/documents/github/cykablyat-tools/mingw32/bin/../lib/gcc/i686-w64-mingw32/10.1.0/../../../../i686-w64-mingw32/bin/ld.exe: cannot find -lcuda
collect2.exe: error: ld returned 1 exit status
configure:3531: $? = 1
configure: failed program was:
| /* confdefs.h */
| #define PACKAGE_NAME ""
| #define PACKAGE_TARNAME ""
| #define PACKAGE_VERSION ""
| #define PACKAGE_STRING ""
| #define PACKAGE_BUGREPORT ""
| #define PACKAGE_URL ""
| /* end confdefs.h.  */
| 
| /* Override any GCC internal prototype to avoid an error.
|    Use char because int might match the return type of a GCC
|    builtin and then its argument prototype would still apply.  */
| #ifdef __cplusplus
| extern "C"
| #endif
| char cuInit ();
| int
| main ()
| {
| return cuInit ();
|   ;
|   return 0;
| }
configure:3540: result: no
configure:3553: checking for cuGetErrorName
configure:3553: gcc -o conftest.exe -g -O2     conftest.c  -lcuda -Wl,--allow-shlib-undefined >&5
c:/users/administrator/documents/github/cykablyat-tools/mingw32/bin/../lib/gcc/i686-w64-mingw32/10.1.0/../../../../i686-w64-mingw32/bin/ld.exe: cannot find -lcuda
collect2.exe: error: ld returned 1 exit status
configure:3553: $? = 1
configure: failed program was:
| /* confdefs.h */
| #define PACKAGE_NAME ""
| #define PACKAGE_TARNAME ""
| #define PACKAGE_VERSION ""
| #define PACKAGE_STRING ""
| #define PACKAGE_BUGREPORT ""
| #define PACKAGE_URL ""
| /* end confdefs.h.  */
| /* Define cuGetErrorName to an innocuous variant, in case <limits.h> declares cuGetErrorName.
|    For example, HP-UX 11i <limits.h> declares gettimeofday.  */
| #define cuGetErrorName innocuous_cuGetErrorName
| 
| /* System header to define __stub macros and hopefully few prototypes,
|     which can conflict with char cuGetErrorName (); below.
|     Prefer <limits.h> to <assert.h> if __STDC__ is defined, since
|     <limits.h> exists even on freestanding compilers.  */
| 
| #ifdef __STDC__
| # include <limits.h>
| #else
| # include <assert.h>
| #endif
| 
| #undef cuGetErrorName
| 
| /* Override any GCC internal prototype to avoid an error.
|    Use char because int might match the return type of a GCC
|    builtin and then its argument prototype would still apply.  */
| #ifdef __cplusplus
| extern "C"
| #endif
| char cuGetErrorName ();
| /* The GNU C library defines this for functions which it implements
|     to always fail with ENOSYS.  Some functions are actually named
|     something starting with __ and the normal name is an alias.  */
| #if defined __stub_cuGetErrorName || defined __stub___cuGetErrorName
| choke me
| #endif
| 
| int
| main ()
| {
| return cuGetErrorName ();
|   ;
|   return 0;
| }
configure:3553: result: no
configure:3553: checking for cuGetErrorString
configure:3553: gcc -o conftest.exe -g -O2     conftest.c  -lcuda -Wl,--allow-shlib-undefined >&5
c:/users/administrator/documents/github/cykablyat-tools/mingw32/bin/../lib/gcc/i686-w64-mingw32/10.1.0/../../../../i686-w64-mingw32/bin/ld.exe: cannot find -lcuda
collect2.exe: error: ld returned 1 exit status
configure:3553: $? = 1
configure: failed program was:
| /* confdefs.h */
| #define PACKAGE_NAME ""
| #define PACKAGE_TARNAME ""
| #define PACKAGE_VERSION ""
| #define PACKAGE_STRING ""
| #define PACKAGE_BUGREPORT ""
| #define PACKAGE_URL ""
| /* end confdefs.h.  */
| /* Define cuGetErrorString to an innocuous variant, in case <limits.h> declares cuGetErrorString.
|    For example, HP-UX 11i <limits.h> declares gettimeofday.  */
| #define cuGetErrorString innocuous_cuGetErrorString
| 
| /* System header to define __stub macros and hopefully few prototypes,
|     which can conflict with char cuGetErrorString (); below.
|     Prefer <limits.h> to <assert.h> if __STDC__ is defined, since
|     <limits.h> exists even on freestanding compilers.  */
| 
| #ifdef __STDC__
| # include <limits.h>
| #else
| # include <assert.h>
| #endif
| 
| #undef cuGetErrorString
| 
| /* Override any GCC internal prototype to avoid an error.
|    Use char because int might match the return type of a GCC
|    builtin and then its argument prototype would still apply.  */
| #ifdef __cplusplus
| extern "C"
| #endif
| char cuGetErrorString ();
| /* The GNU C library defines this for functions which it implements
|     to always fail with ENOSYS.  Some functions are actually named
|     something starting with __ and the normal name is an alias.  */
| #if defined __stub_cuGetErrorString || defined __stub___cuGetErrorString
| choke me
| #endif
| 
| int
| main ()
| {
| return cuGetErrorString ();
|   ;
|   return 0;
| }
configure:3553: result: no
configure:3563: checking whether cuGetErrorName is declared
configure:3563: gcc -c -g -O2   conftest.c >&5
conftest.c:9:10: fatal error: cuda.h: No such file or directory
    9 | #include <cuda.h>
      |          ^~~~~~~~
compilation terminated.
configure:3563: $? = 1
configure: failed program was:
| /* confdefs.h */
| #define PACKAGE_NAME ""
| #define PACKAGE_TARNAME ""
| #define PACKAGE_VERSION ""
| #define PACKAGE_STRING ""
| #define PACKAGE_BUGREPORT ""
| #define PACKAGE_URL ""
| /* end confdefs.h.  */
| #include <cuda.h>
| 
| int
| main ()
| {
| #ifndef cuGetErrorName
|   (void) cuGetErrorName;
| #endif
| 
|   ;
|   return 0;
| }
configure:3563: result: no
configure:3574: checking whether cuGetErrorString is declared
configure:3574: gcc -c -g -O2   conftest.c >&5
conftest.c:10:10: fatal error: cuda.h: No such file or directory
   10 | #include <cuda.h>
      |          ^~~~~~~~
compilation terminated.
configure:3574: $? = 1
configure: failed program was:
| /* confdefs.h */
| #define PACKAGE_NAME ""
| #define PACKAGE_TARNAME ""
| #define PACKAGE_VERSION ""
| #define PACKAGE_STRING ""
| #define PACKAGE_BUGREPORT ""
| #define PACKAGE_URL ""
| #define HAVE_DECL_CUGETERRORNAME 0
| /* end confdefs.h.  */
| #include <cuda.h>
| 
| int
| main ()
| {
| #ifndef cuGetErrorString
|   (void) cuGetErrorString;
| #endif
| 
|   ;
|   return 0;
| }
configure:3574: result: no
configure:3591: checking how to run the C preprocessor
configure:3622: gcc -E   conftest.c
configure:3622: $? = 0
configure:3636: gcc -E   conftest.c
conftest.c:11:10: fatal error: ac_nonexistent.h: No such file or directory
   11 | #include <ac_nonexistent.h>
      |          ^~~~~~~~~~~~~~~~~~
compilation terminated.
configure:3636: $? = 1
configure: failed program was:
| /* confdefs.h */
| #define PACKAGE_NAME ""
| #define PACKAGE_TARNAME ""
| #define PACKAGE_VERSION ""
| #define PACKAGE_STRING ""
| #define PACKAGE_BUGREPORT ""
| #define PACKAGE_URL ""
| #define HAVE_DECL_CUGETERRORNAME 0
| #define HAVE_DECL_CUGETERRORSTRING 0
| /* end confdefs.h.  */
| #include <ac_nonexistent.h>
configure:3661: result: gcc -E
configure:3681: gcc -E   conftest.c
configure:3681: $? = 0
configure:3695: gcc -E   conftest.c
conftest.c:11:10: fatal error: ac_nonexistent.h: No such file or directory
   11 | #include <ac_nonexistent.h>
      |          ^~~~~~~~~~~~~~~~~~
compilation terminated.
configure:3695: $? = 1
configure: failed program was:
| /* confdefs.h */
| #define PACKAGE_NAME ""
| #define PACKAGE_TARNAME ""
| #define PACKAGE_VERSION ""
| #define PACKAGE_STRING ""
| #define PACKAGE_BUGREPORT ""
| #define PACKAGE_URL ""
| #define HAVE_DECL_CUGETERRORNAME 0
| #define HAVE_DECL_CUGETERRORSTRING 0
| /* end confdefs.h.  */
| #include <ac_nonexistent.h>
configure:3724: checking for grep that handles long lines and -e
configure:3782: result: /usr/bin/grep
configure:3787: checking for egrep
configure:3849: result: /usr/bin/grep -E
configure:3854: checking for ANSI C header files
configure:3874: gcc -c -g -O2   conftest.c >&5
configure:3874: $? = 0
configure:3947: gcc -o conftest.exe -g -O2     conftest.c  -lcuda -Wl,--allow-shlib-undefined >&5
c:/users/administrator/documents/github/cykablyat-tools/mingw32/bin/../lib/gcc/i686-w64-mingw32/10.1.0/../../../../i686-w64-mingw32/bin/ld.exe: cannot find -lcuda
collect2.exe: error: ld returned 1 exit status
configure:3947: $? = 1
configure: program exited with status 1
configure: failed program was:
| /* confdefs.h */
| #define PACKAGE_NAME ""
| #define PACKAGE_TARNAME ""
| #define PACKAGE_VERSION ""
| #define PACKAGE_STRING ""
| #define PACKAGE_BUGREPORT ""
| #define PACKAGE_URL ""
| #define HAVE_DECL_CUGETERRORNAME 0
| #define HAVE_DECL_CUGETERRORSTRING 0
| /* end confdefs.h.  */
| #include <ctype.h>
| #include <stdlib.h>
| #if ((' ' & 0x0FF) == 0x020)
| # define ISLOWER(c) ('a' <= (c) && (c) <= 'z')
| # define TOUPPER(c) (ISLOWER(c) ? 'A' + ((c) - 'a') : (c))
| #else
| # define ISLOWER(c) 		   (('a' <= (c) && (c) <= 'i') 		     || ('j' <= (c) && (c) <= 'r') 		     || ('s' <= (c) && (c) <= 'z'))
| # define TOUPPER(c) (ISLOWER(c) ? ((c) | 0x40) : (c))
| #endif
| 
| #define XOR(e, f) (((e) && !(f)) || (!(e) && (f)))
| int
| main ()
| {
|   int i;
|   for (i = 0; i < 256; i++)
|     if (XOR (islower (i), ISLOWER (i))
| 	|| toupper (i) != TOUPPER (i))
|       return 2;
|   return 0;
| }
configure:3958: result: no
configure:3971: checking for sys/types.h
configure:3971: gcc -c -g -O2   conftest.c >&5
configure:3971: $? = 0
configure:3971: result: yes
configure:3971: checking for sys/stat.h
configure:3971: gcc -c -g -O2   conftest.c >&5
configure:3971: $? = 0
configure:3971: result: yes
configure:3971: checking for stdlib.h
configure:3971: gcc -c -g -O2   conftest.c >&5
configure:3971: $? = 0
configure:3971: result: yes
configure:3971: checking for string.h
configure:3971: gcc -c -g -O2   conftest.c >&5
configure:3971: $? = 0
configure:3971: result: yes
configure:3971: checking for memory.h
configure:3971: gcc -c -g -O2   conftest.c >&5
configure:3971: $? = 0
configure:3971: result: yes
configure:3971: checking for strings.h
configure:3971: gcc -c -g -O2   conftest.c >&5
configure:3971: $? = 0
configure:3971: result: yes
configure:3971: checking for inttypes.h
configure:3971: gcc -c -g -O2   conftest.c >&5
configure:3971: $? = 0
configure:3971: result: yes
configure:3971: checking for stdint.h
configure:3971: gcc -c -g -O2   conftest.c >&5
configure:3971: $? = 0
configure:3971: result: yes
configure:3971: checking for unistd.h
configure:3971: gcc -c -g -O2   conftest.c >&5
configure:3971: $? = 0
configure:3971: result: yes
configure:3987: checking for unistd.h
configure:3987: result: yes
configure:3987: checking for sys/stat.h
configure:3987: result: yes
configure:3999: checking for extra programs to build requiring -lcuda
configure:4013: gcc -o conftest.exe -g -O2     conftest.c  -lcuda -Wl,--allow-shlib-undefined >&5
conftest.c:22:10: fatal error: cuda.h: No such file or directory
   22 | #include <cuda.h>
      |          ^~~~~~~~
compilation terminated.
configure:4013: $? = 1
configure: failed program was:
| /* confdefs.h */
| #define PACKAGE_NAME ""
| #define PACKAGE_TARNAME ""
| #define PACKAGE_VERSION ""
| #define PACKAGE_STRING ""
| #define PACKAGE_BUGREPORT ""
| #define PACKAGE_URL ""
| #define HAVE_DECL_CUGETERRORNAME 0
| #define HAVE_DECL_CUGETERRORSTRING 0
| #define HAVE_SYS_TYPES_H 1
| #define HAVE_SYS_STAT_H 1
| #define HAVE_STDLIB_H 1
| #define HAVE_STRING_H 1
| #define HAVE_MEMORY_H 1
| #define HAVE_STRINGS_H 1
| #define HAVE_INTTYPES_H 1
| #define HAVE_STDINT_H 1
| #define HAVE_UNISTD_H 1
| #define HAVE_UNISTD_H 1
| #define HAVE_SYS_STAT_H 1
| /* end confdefs.h.  */
| #include <cuda.h>
| int
| main ()
| {
| cuInit (0);
|   ;
|   return 0;
| }
configure:4018: result: 
configure:4026: checking whether getopt is declared
configure:4026: gcc -c -g -O2  conftest.c >&5
configure:4026: $? = 0
configure:4026: result: yes
configure:4182: creating ./config.status

## ---------------------- ##
## Running config.status. ##
## ---------------------- ##

This file was extended by config.status, which was
generated by GNU Autoconf 2.64.  Invocation command line was

  CONFIG_FILES    = 
  CONFIG_HEADERS  = 
  CONFIG_LINKS    = 
  CONFIG_COMMANDS = 
  $ ./config.status 

on DESKTOP-2N4BSLH

config.status:740: creating Makefile
config.status:740: creating dejagnu.exp
configure:5244: === configuring in libiberty (/c/Users/Administrator/Documents/GitHub/CykaBlyat-Tools/nvptx-tools-master/libiberty)
configure:5307: running /bin/sh ./configure --disable-option-checking '--prefix=/usr/local'  --cache-file=/dev/null --srcdir=.

## ---------------- ##
## Cache variables. ##
## ---------------- ##

ac_cv_c_compiler_gnu=yes
ac_cv_cxx_compiler_gnu=yes
ac_cv_env_CCC_set=
ac_cv_env_CCC_value=
ac_cv_env_CC_set=
ac_cv_env_CC_value=
ac_cv_env_CFLAGS_set=
ac_cv_env_CFLAGS_value=
ac_cv_env_CPPFLAGS_set=
ac_cv_env_CPPFLAGS_value=
ac_cv_env_CPP_set=
ac_cv_env_CPP_value=
ac_cv_env_CXXFLAGS_set=
ac_cv_env_CXXFLAGS_value=
ac_cv_env_CXX_set=
ac_cv_env_CXX_value=
ac_cv_env_LDFLAGS_set=
ac_cv_env_LDFLAGS_value=
ac_cv_env_LIBS_set=
ac_cv_env_LIBS_value=
ac_cv_env_build_alias_set=
ac_cv_env_build_alias_value=
ac_cv_env_host_alias_set=
ac_cv_env_host_alias_value=
ac_cv_env_target_alias_set=
ac_cv_env_target_alias_value=
ac_cv_exeext=.exe
ac_cv_func_cuGetErrorName=no
ac_cv_func_cuGetErrorString=no
ac_cv_have_decl_cuGetErrorName=no
ac_cv_have_decl_cuGetErrorString=no
ac_cv_have_decl_getopt=yes
ac_cv_header_inttypes_h=yes
ac_cv_header_memory_h=yes
ac_cv_header_stdc=no
ac_cv_header_stdint_h=yes
ac_cv_header_stdlib_h=yes
ac_cv_header_string_h=yes
ac_cv_header_strings_h=yes
ac_cv_header_sys_stat_h=yes
ac_cv_header_sys_types_h=yes
ac_cv_header_unistd_h=yes
ac_cv_lib_cuda_cuInit=no
ac_cv_objext=o
ac_cv_path_AR=/c/Users/Administrator/Documents/GitHub/CykaBlyat-Tools/mingw32/bin/ar
ac_cv_path_EGREP='/usr/bin/grep -E'
ac_cv_path_GREP=/usr/bin/grep
ac_cv_path_RANLIB=/c/Users/Administrator/Documents/GitHub/CykaBlyat-Tools/mingw32/bin/ranlib
ac_cv_path_install='/usr/bin/install -c'
ac_cv_prog_CPP='gcc -E'
ac_cv_prog_ac_ct_CC=gcc
ac_cv_prog_ac_ct_CXX=g++
ac_cv_prog_cc_c89=
ac_cv_prog_cc_g=yes
ac_cv_prog_cxx_g=yes
gcc_cv_prog_LN_S='ln -s'

## ----------------- ##
## Output variables. ##
## ----------------- ##

AR='/c/Users/Administrator/Documents/GitHub/CykaBlyat-Tools/mingw32/bin/ar'
CC='gcc'
CFLAGS='-g -O2'
CPP='gcc -E'
CPPFLAGS=''
CUDA_DRIVER_CPPFLAGS=''
CUDA_DRIVER_LDFLAGS=''
CUDA_DRIVER_LDFLAGS_ALLOW_SHLIB_UNDEFINED='-Wl,--allow-shlib-undefined'
CXX='g++'
CXXFLAGS='-g -O2'
DEFS='-DPACKAGE_NAME=\"\" -DPACKAGE_TARNAME=\"\" -DPACKAGE_VERSION=\"\" -DPACKAGE_STRING=\"\" -DPACKAGE_BUGREPORT=\"\" -DPACKAGE_URL=\"\" -DHAVE_DECL_CUGETERRORNAME=0 -DHAVE_DECL_CUGETERRORSTRING=0 -DHAVE_SYS_TYPES_H=1 -DHAVE_SYS_STAT_H=1 -DHAVE_STDLIB_H=1 -DHAVE_STRING_H=1 -DHAVE_MEMORY_H=1 -DHAVE_STRINGS_H=1 -DHAVE_INTTYPES_H=1 -DHAVE_STDINT_H=1 -DHAVE_UNISTD_H=1 -DHAVE_UNISTD_H=1 -DHAVE_SYS_STAT_H=1 -DHAVE_DECL_GETOPT=1'
ECHO_C=''
ECHO_N='-n'
ECHO_T=''
EGREP='/usr/bin/grep -E'
EXEEXT='.exe'
GREP='/usr/bin/grep'
INSTALL='/usr/bin/install -c'
INSTALL_DATA='${INSTALL} -m 644'
INSTALL_PROGRAM='${INSTALL}'
LDFLAGS=''
LIBOBJS=''
LIBS=''
LN_S='ln -s'
LTLIBOBJS=''
NVPTX_RUN=''
OBJEXT='o'
PACKAGE_BUGREPORT=''
PACKAGE_NAME=''
PACKAGE_STRING=''
PACKAGE_TARNAME=''
PACKAGE_URL=''
PACKAGE_VERSION=''
PATH_SEPARATOR=':'
PKGVERSION='(nvptx-tools) '
RANLIB='/c/Users/Administrator/Documents/GitHub/CykaBlyat-Tools/mingw32/bin/ranlib'
REPORT_BUGS_TEXI='@uref{https://github.com/MentorEmbedded/nvptx-tools/issues}'
REPORT_BUGS_TO='<https://github.com/MentorEmbedded/nvptx-tools/issues>'
SHELL='/bin/sh'
ac_ct_CC='gcc'
ac_ct_CXX='g++'
bindir='${exec_prefix}/bin'
build_alias=''
datadir='${datarootdir}'
datarootdir='${prefix}/share'
docdir='${datarootdir}/doc/${PACKAGE}'
dvidir='${docdir}'
exec_prefix='${prefix}'
host_alias=''
htmldir='${docdir}'
includedir='${prefix}/include'
infodir='${datarootdir}/info'
libdir='${exec_prefix}/lib'
libexecdir='${exec_prefix}/libexec'
localedir='${datarootdir}/locale'
localstatedir='${prefix}/var'
mandir='${datarootdir}/man'
oldincludedir='/usr/include'
pdfdir='${docdir}'
prefix='/usr/local'
program_transform_name='s,x,x,'
psdir='${docdir}'
sbindir='${exec_prefix}/sbin'
sharedstatedir='${prefix}/com'
subdirs=' libiberty'
sysconfdir='${prefix}/etc'
target_alias=''

## ----------- ##
## confdefs.h. ##
## ----------- ##

/* confdefs.h */
#define PACKAGE_NAME ""
#define PACKAGE_TARNAME ""
#define PACKAGE_VERSION ""
#define PACKAGE_STRING ""
#define PACKAGE_BUGREPORT ""
#define PACKAGE_URL ""
#define HAVE_DECL_CUGETERRORNAME 0
#define HAVE_DECL_CUGETERRORSTRING 0
#define HAVE_SYS_TYPES_H 1
#define HAVE_SYS_STAT_H 1
#define HAVE_STDLIB_H 1
#define HAVE_STRING_H 1
#define HAVE_MEMORY_H 1
#define HAVE_STRINGS_H 1
#define HAVE_INTTYPES_H 1
#define HAVE_STDINT_H 1
#define HAVE_UNISTD_H 1
#define HAVE_UNISTD_H 1
#define HAVE_SYS_STAT_H 1
#define HAVE_DECL_GETOPT 1

configure: exit 0
